Scanning 158 Chase hotel guide pages for public The Edit mentions...
[1/158] https://www.chase.com/travel/guide/hotels/best-hotels-in-dallas
  -> found 4 possible The Edit mention(s)
[2/158] https://www.chase.com/travel/guide/hotels/best-historic-hotels
  -> found 5 possible The Edit mention(s)
[3/158] https://www.chase.com/travel/guide/hotels/best-cinematic-luxury-hotels
  -> found 6 possible The Edit mention(s)
[4/158] https://www.chase.com/travel/guide/hotels/best-new-england-summer-hotels
  -> found 3 possible The Edit mention(s)
[5/158] https://www.chase.com/travel/guide/hotels/best-hotels-in-san-francisco
  -> found 5 possible The Edit mention(s)
[6/158] https://www.chase.com/travel/guide/hotels/best-hotels-with-kids-clubs
  -> found 4 possible The Edit mention(s)
[7/158] https://www.chase.com/travel/guide/hotels/best-hotels-in-washington-dc
  -> found 5 possible The Edit mention(s)
[8/158] https://www.chase.com/travel/guide/hotels/best-hotels-in-los-angeles
  -> found 8 possible The Edit mention(s)
[9/158] https://www.chase.com/travel/guide/hotels/best-vietnam-beach-resorts
  -> found 4 possible The Edit mention(s)
[10/158] https://www.chase.com/travel/guide/hotels/iconic-new-york-hotels
  -> found 6 possible The Edit mention(s)
[11/158] https://www.chase.com/travel/guide/hotels/best-hotels-in-kyoto
  -> found 5 possible The Edit mention(s)
[12/158] https://www.chase.com/travel/guide/hotels/best-hotels-in-the-golden-triangle-india
  -> found 3 possible The Edit mention(s)
[13/158] https://www.chase.com/travel/guide/hotels/best-hotels-philadelphia
  -> found 2 possible The Edit mention(s)
[14/158] https://www.chase.com/travel/guide/hotels/best-thailand-beach-resorts
  -> found 2 possible The Edit mention(s)
[15/158] https://www.chase.com/travel/guide/hotels/unique-tokyo-hotels
[16/158] https://www.chase.com/travel/guide/hotels/best-tech-free-hotels
  -> found 1 possible The Edit mention(s)
[17/158] https://www.chase.com/travel/guide/hotels/the-edit-by-chase-travel
  -> found 3 possible The Edit mention(s)
[18/158] https://www.chase.com/travel/guide/hotels/best-design-hotels
  -> found 6 possible The Edit mention(s)
[19/158] https://www.chase.com/travel/guide/hotels/how-to-earn-hotel-points-with-chase-travel
  -> found 1 possible The Edit mention(s)
[20/158] https://www.chase.com/travel/guide/hotels/best-hotels-in-park-city
  -> found 5 possible The Edit mention(s)
[21/158] https://www.chase.com/travel/guide/hotels/best-hotels-in-the-dolomites
[22/158] https://www.chase.com/travel/guide/hotels/best-new-hotels-in-australia
  -> found 2 possible The Edit mention(s)
[23/158] https://www.chase.com/travel/guide/hotels/best-caribbean-hotels
  -> found 8 possible The Edit mention(s)
[24/158] https://www.chase.com/travel/guide/hotels/best-hotels-in-san-diego
  -> found 4 possible The Edit mention(s)
[25/158] https://www.chase.com/travel/guide/hotels/best-adults-only-hotels
  -> found 1 possible The Edit mention(s)
[26/158] https://www.chase.com/travel/guide/hotels/best-hotels-in-mexico-riviera-maya
  -> found 6 possible The Edit mention(s)
[27/158] https://www.chase.com/travel/guide/hotels/best-hotels-in-madrid
  -> found 7 possible The Edit mention(s)
[28/158] https://www.chase.com/travel/guide/hotels/best-hotels-in-new-orleans
  -> found 5 possible The Edit mention(s)
[29/158] https://www.chase.com/travel/guide/hotels/best-hotels-in-london
  -> found 13 possible The Edit mention(s)
[30/158] https://www.chase.com/travel/guide/hotels/best-unexpected-wine-country-hotels
  -> found 2 possible The Edit mention(s)
[31/158] https://www.chase.com/travel/guide/hotels/best-hotels-amalfi-coast
  -> found 5 possible The Edit mention(s)
[32/158] https://www.chase.com/travel/guide/hotels/best-hotels-in-bangkok
  -> found 5 possible The Edit mention(s)
[33/158] https://www.chase.com/travel/guide/hotels/best-hotels-in-tokyo
  -> found 3 possible The Edit mention(s)
[34/158] https://www.chase.com/travel/guide/hotels/best-hotels-in-napa-and-sonoma
  -> found 5 possible The Edit mention(s)
[35/158] https://www.chase.com/travel/guide/hotels/best-hotels-in-austin
  -> found 6 possible The Edit mention(s)
[36/158] https://www.chase.com/travel/guide/hotels/best-hotels-in-oaxaca
[37/158] https://www.chase.com/travel/guide/hotels/best-hotels-in-new-york-city
  -> found 9 possible The Edit mention(s)
[38/158] https://www.chase.com/travel/guide/hotels/best-hotels-in-charlotte
  -> found 2 possible The Edit mention(s)
[39/158] https://www.chase.com/travel/guide/hotels/best-hotels-in-seoul-yoon-ahn
  -> found 3 possible The Edit mention(s)
[40/158] https://www.chase.com/travel/guide/hotels/best-hotels-in-barcelona
  -> found 3 possible The Edit mention(s)
[41/158] https://www.chase.com/travel/guide/hotels/best-kid-friendly-hotels
  -> found 5 possible The Edit mention(s)
[42/158] https://www.chase.com/travel/guide/hotels/best-hotels-in-chicago
  -> found 5 possible The Edit mention(s)
[43/158] https://www.chase.com/travel/guide/hotels/best-hotels-in-bali
  -> found 4 possible The Edit mention(s)
[44/158] https://www.chase.com/travel/guide/hotels/best-palace-hotels
  -> found 2 possible The Edit mention(s)
[45/158] https://www.chase.com/travel/guide/hotels/best-private-island-resorts
  -> found 2 possible The Edit mention(s)
[46/158] https://www.chase.com/travel/guide/hotels/best-overwater-bungalow-hotels
  -> found 3 possible The Edit mention(s)
[47/158] https://www.chase.com/travel/guide/hotels/best-hotels-in-the-infatuations-favorite-food-cities
  -> found 3 possible The Edit mention(s)
[48/158] https://www.chase.com/travel/guide/hotels/istanbul-hotels-with-best-hammams
  -> found 1 possible The Edit mention(s)
[49/158] https://www.chase.com/travel/guide/hotels/best-beachfront-hotels-in-hawaii
  -> found 6 possible The Edit mention(s)
[50/158] https://www.chase.com/travel/guide/hotels/best-hotels-in-los-cabos
  -> found 7 possible The Edit mention(s)
[51/158] https://www.chase.com/travel/guide/hotels/best-new-hotels-in-japan
  -> found 2 possible The Edit mention(s)
[52/158] https://www.chase.com/travel/guide/hotels/best-hotels-with-chase-sapphire-reserve-benefits
  -> found 9 possible The Edit mention(s)
[53/158] https://www.chase.com/travel/guide/hotels/best-european-ski-hotels
  -> found 2 possible The Edit mention(s)
[54/158] https://www.chase.com/travel/guide/hotels/best-four-seasons-hotels-with-chase-sapphire-reserve-benefits
  -> found 9 possible The Edit mention(s)
[55/158] https://www.chase.com/travel/guide/hotels/best-winter-hotels
[56/158] https://www.chase.com/travel/guide/hotels/best-hotels-in-boston
  -> found 3 possible The Edit mention(s)
[57/158] https://www.chase.com/travel/guide/hotels/best-hotels-in-las-vegas
  -> found 4 possible The Edit mention(s)
[58/158] https://www.chase.com/travel/guide/hotels/best-hotels-for-surfers
  -> found 6 possible The Edit mention(s)
[59/158] https://www.chase.com/travel/guide/hotels/best-new-hotels-in-rome
  -> found 3 possible The Edit mention(s)
[60/158] https://www.chase.com/travel/guide/hotels/best-hotels-in-the-southern-us
  -> found 4 possible The Edit mention(s)
[61/158] https://www.chase.com/travel/guide/hotels/best-hotels-in-costa-rica
  -> found 4 possible The Edit mention(s)
[62/158] https://www.chase.com/travel/guide/hotels/best-hotels-in-riviera-nayarit-mexico
  -> found 2 possible The Edit mention(s)
[63/158] https://www.chase.com/travel/guide/hotels/best-hotels-in-the-balearic-islands
  -> found 5 possible The Edit mention(s)
[64/158] https://www.chase.com/travel/guide/hotels/best-hotels-in-miami
  -> found 7 possible The Edit mention(s)
[65/158] https://www.chase.com/travel/guide/hotels/best-ski-hotels-in-the-rocky-mountains
  -> found 7 possible The Edit mention(s)
[66/158] https://www.chase.com/travel/guide/hotels/best-marrakech-hotels-with-chase-sapphire-reserve-benefits
  -> found 4 possible The Edit mention(s)
[67/158] https://www.chase.com/travel/guide/hotels/best-hotels-in-us-near-nature
  -> found 3 possible The Edit mention(s)
[68/158] https://www.chase.com/travel/guide/hotels/best-luxury-hotels-in-paris
  -> found 9 possible The Edit mention(s)
[69/158] https://www.chase.com/travel/guide/hotels/san-juan-puerto-rico-hotels-for-beach-and-city
  -> found 1 possible The Edit mention(s)
[70/158] https://www.chase.com/travel/guide/hotels/best-hotels-in-the-cyclades-greece
  -> found 2 possible The Edit mention(s)
[71/158] https://www.chase.com/travel/guide/hotels/best-lakefront-hotels-in-us
  -> found 2 possible The Edit mention(s)
[72/158] https://www.chase.com/travel/guide/hotels/best-hotels-mexico-city
  -> found 2 possible The Edit mention(s)
[73/158] https://www.chase.com/travel/guide/hotels/best-hotels-for-stargazing
[74/158] https://www.chase.com/travel/guide/hotels/park-hyatt-seoul-review
  -> found 1 possible The Edit mention(s)
[75/158] https://www.chase.com/travel/guide/hotels/salterra-a-luxury-collection-resort-and-spa-review
  -> found 1 possible The Edit mention(s)
[76/158] https://www.chase.com/travel/guide/hotels/1-hotel-brooklyn-bridge-review
  -> found 1 possible The Edit mention(s)
[77/158] https://www.chase.com/travel/guide/hotels/one-and-only-aesthesis-review
  -> found 1 possible The Edit mention(s)
[78/158] https://www.chase.com/travel/guide/hotels/tabacon-resort-and-spa-costa-rica-review
  -> found 1 possible The Edit mention(s)
[79/158] https://www.chase.com/travel/guide/hotels/four-seasons-resort-rancho-encantado-santa-fe-review
  -> found 1 possible The Edit mention(s)
[80/158] https://www.chase.com/travel/guide/hotels/four-seasons-resort-bali-sayan-review
  -> found 1 possible The Edit mention(s)
[81/158] https://www.chase.com/travel/guide/hotels/wymara-resort-and-villas-review
  -> found 1 possible The Edit mention(s)
[82/158] https://www.chase.com/travel/guide/hotels/regent-santa-monica-beach-review
  -> found 1 possible The Edit mention(s)
[83/158] https://www.chase.com/travel/guide/hotels/canaves-epitome-santorini-review
  -> found 1 possible The Edit mention(s)
[84/158] https://www.chase.com/travel/guide/hotels/intercontinental-dominica-cabrits-resort-spa-review
  -> found 1 possible The Edit mention(s)
[85/158] https://www.chase.com/travel/guide/hotels/twin-farms-vermont-review
  -> found 1 possible The Edit mention(s)
[86/158] https://www.chase.com/travel/guide/hotels/raffles-bali-review
  -> found 1 possible The Edit mention(s)
[87/158] https://www.chase.com/travel/guide/hotels/the-oberoi-rajvilas-review
  -> found 1 possible The Edit mention(s)
[88/158] https://www.chase.com/travel/guide/hotels/four-seasons-resort-nam-hai-vietnam-review
  -> found 1 possible The Edit mention(s)
[89/158] https://www.chase.com/travel/guide/hotels/the-peninsula-istanbul-review
  -> found 1 possible The Edit mention(s)
[90/158] https://www.chase.com/travel/guide/hotels/pulitzer-amsterdam-review
  -> found 1 possible The Edit mention(s)
[91/158] https://www.chase.com/travel/guide/hotels/nekajui-a-ritz-carlton-reserve-review
  -> found 1 possible The Edit mention(s)
[92/158] https://www.chase.com/travel/guide/hotels/setai-miami-beach-review
  -> found 1 possible The Edit mention(s)
[93/158] https://www.chase.com/travel/guide/hotels/riggs-washington-dc-review
  -> found 1 possible The Edit mention(s)
[94/158] https://www.chase.com/travel/guide/hotels/regent-phu-quoc-vietnam-review
  -> found 1 possible The Edit mention(s)
[95/158] https://www.chase.com/travel/guide/hotels/bvlgari-resort-bali-review
  -> found 1 possible The Edit mention(s)
[96/158] https://www.chase.com/travel/guide/hotels/madrid-edition-review
  -> found 1 possible The Edit mention(s)
[97/158] https://www.chase.com/travel/guide/hotels/four-seasons-hotel-istanbul-at-sultanahmet-review
  -> found 1 possible The Edit mention(s)
[98/158] https://www.chase.com/travel/guide/hotels/hotel-lungarno-florence-review
  -> found 1 possible The Edit mention(s)
[99/158] https://www.chase.com/travel/guide/hotels/royal-mansour-marrakech-review
  -> found 1 possible The Edit mention(s)
[100/158] https://www.chase.com/travel/guide/hotels/one-and-only-mandarina-review
  -> found 1 possible The Edit mention(s)
[101/158] https://www.chase.com/travel/guide/hotels/bvlgari-hotel-tokyo-review
  -> found 1 possible The Edit mention(s)
[102/158] https://www.chase.com/travel/guide/hotels/raffles-jaipur-review
  -> found 1 possible The Edit mention(s)
[103/158] https://www.chase.com/travel/guide/hotels/nayara-tented-camp-review
  -> found 1 possible The Edit mention(s)
[104/158] https://www.chase.com/travel/guide/hotels/dunton-hot-springs-review
  -> found 1 possible The Edit mention(s)
[105/158] https://www.chase.com/travel/guide/hotels/nihi-sumba-review
  -> found 1 possible The Edit mention(s)
[106/158] https://www.chase.com/travel/guide/hotels/belmond-mount-nelson-cape-town-review
  -> found 1 possible The Edit mention(s)
[107/158] https://www.chase.com/travel/guide/hotels/el-palace-barcelona-review
  -> found 1 possible The Edit mention(s)
[108/158] https://www.chase.com/travel/guide/hotels/four-seasons-astir-palace-hotel-athens-review
  -> found 1 possible The Edit mention(s)
[109/158] https://www.chase.com/travel/guide/hotels/banyan-tree-lang-co-review
  -> found 1 possible The Edit mention(s)
[110/158] https://www.chase.com/travel/guide/hotels/intercontinental-bora-bora-thalasso-review
  -> found 1 possible The Edit mention(s)
[111/158] https://www.chase.com/travel/guide/hotels/villa-franca-review
  -> found 1 possible The Edit mention(s)
[112/158] https://www.chase.com/travel/guide/hotels/nobu-hotel-los-cabos-review
  -> found 1 possible The Edit mention(s)
[113/158] https://www.chase.com/travel/guide/hotels/ritz-paris-review
  -> found 1 possible The Edit mention(s)
[114/158] https://www.chase.com/travel/guide/hotels/grand-hotel-tremezzo-review
  -> found 1 possible The Edit mention(s)
[115/158] https://www.chase.com/travel/guide/hotels/raffles-singapore-review
  -> found 1 possible The Edit mention(s)
[116/158] https://www.chase.com/travel/guide/hotels/alila-napa-valley-review
  -> found 1 possible The Edit mention(s)
[117/158] https://www.chase.com/travel/guide/hotels/naviva-a-four-seasons-resort-review
  -> found 1 possible The Edit mention(s)
[118/158] https://www.chase.com/travel/guide/hotels/st-regis-venice-review
  -> found 1 possible The Edit mention(s)
[119/158] https://www.chase.com/travel/guide/hotels/six-senses-la-sagesse-review
  -> found 1 possible The Edit mention(s)
[120/158] https://www.chase.com/travel/guide/hotels/faena-miami-beach-review
  -> found 1 possible The Edit mention(s)
[121/158] https://www.chase.com/travel/guide/hotels/four-seasons-resort-punta-mita-review
  -> found 1 possible The Edit mention(s)
[122/158] https://www.chase.com/travel/guide/hotels/sofitel-legend-metropole-hanoi-review
  -> found 1 possible The Edit mention(s)
[123/158] https://www.chase.com/travel/guide/hotels/hotel-santa-caterina-review
  -> found 1 possible The Edit mention(s)
[124/158] https://www.chase.com/travel/guide/hotels/one-and-only-the-palm-review
  -> found 1 possible The Edit mention(s)
[125/158] https://www.chase.com/travel/guide/hotels/katikies-santorini-review
  -> found 1 possible The Edit mention(s)
[126/158] https://www.chase.com/travel/guide/hotels/il-sereno-hotel-review
  -> found 1 possible The Edit mention(s)
[127/158] https://www.chase.com/travel/guide/hotels/la-residencia-belmond-review
  -> found 1 possible The Edit mention(s)
[128/158] https://www.chase.com/travel/guide/hotels/nobu-ibiza-bay-review
  -> found 1 possible The Edit mention(s)
[129/158] https://www.chase.com/travel/guide/hotels/auberge-du-soleil-review
  -> found 1 possible The Edit mention(s)
[130/158] https://www.chase.com/travel/guide/hotels/grand-velas-los-cabos-review
  -> found 1 possible The Edit mention(s)
[131/158] https://www.chase.com/travel/guide/hotels/banyan-tree-samui-review
  -> found 1 possible The Edit mention(s)
[132/158] https://www.chase.com/travel/guide/hotels/shangri-la-the-shard-review
  -> found 1 possible The Edit mention(s)
[133/158] https://www.chase.com/travel/guide/hotels/belmond-hotel-caruso-review
  -> found 1 possible The Edit mention(s)
[134/158] https://www.chase.com/travel/guide/hotels/passalacqua-review
  -> found 1 possible The Edit mention(s)
[135/158] https://www.chase.com/travel/guide/hotels/ritz-carlton-oahu-turtle-bay-review
  -> found 1 possible The Edit mention(s)
[136/158] https://www.chase.com/travel/guide/hotels/miraflores-park-a-belmond-hotel
  -> found 1 possible The Edit mention(s)
[137/158] https://www.chase.com/travel/guide/hotels/six-senses-kyoto-review
  -> found 1 possible The Edit mention(s)
[138/158] https://www.chase.com/travel/guide/hotels/palacio-de-los-duques-review
  -> found 1 possible The Edit mention(s)
[139/158] https://www.chase.com/travel/guide/hotels/nous-santorini-review
  -> found 1 possible The Edit mention(s)
[140/158] https://www.chase.com/travel/guide/hotels/alila-ventana-big-sur-review
  -> found 1 possible The Edit mention(s)
[141/158] https://www.chase.com/travel/guide/hotels/six-senses-ibiza-review
  -> found 1 possible The Edit mention(s)
[142/158] https://www.chase.com/travel/guide/hotels/nine-orchard-hotel-review
  -> found 1 possible The Edit mention(s)
[143/158] https://www.chase.com/travel/guide/hotels/jk-place-roma-review
  -> found 1 possible The Edit mention(s)
[144/158] https://www.chase.com/travel/guide/hotels/four-seasons-koh-samui-review
  -> found 1 possible The Edit mention(s)
[145/158] https://www.chase.com/travel/guide/hotels/hotel-neri-review
  -> found 1 possible The Edit mention(s)
[146/158] https://www.chase.com/travel/guide/hotels/hotel-cipriani-review
  -> found 1 possible The Edit mention(s)
[147/158] https://www.chase.com/travel/guide/hotels/atlantis-the-royal-review
  -> found 1 possible The Edit mention(s)
[148/158] https://www.chase.com/travel/guide/hotels/wailea-beach-resort-marriott-maui-review
  -> found 1 possible The Edit mention(s)
[149/158] https://www.chase.com/travel/guide/hotels/meadowood-napa-valley-review
  -> found 1 possible The Edit mention(s)
[150/158] https://www.chase.com/travel/guide/hotels/the-fifth-avenue-hotel-review
  -> found 1 possible The Edit mention(s)
[151/158] https://www.chase.com/travel/guide/hotels/carmel-valley-ranch-review
  -> found 1 possible The Edit mention(s)
[152/158] https://www.chase.com/travel/guide/hotels/1-hotel-hanalei-bay-review
  -> found 1 possible The Edit mention(s)
[153/158] https://www.chase.com/travel/guide/hotels/st-regis-bahia-beach-resort-review
  -> found 1 possible The Edit mention(s)
[154/158] https://www.chase.com/travel/guide/hotels/raffles-london-at-the-owo-review
  -> found 1 possible The Edit mention(s)
[155/158] https://www.chase.com/travel/guide/hotels/one-and-only-palmilla-review
  -> found 1 possible The Edit mention(s)
[156/158] https://www.chase.com/travel/guide/hotels/montage-healdsburg-review
  -> found 1 possible The Edit mention(s)
[157/158] https://www.chase.com/travel/guide/hotels/st-regis-bora-bora-review
  -> found 1 possible The Edit mention(s)
[158/158] https://www.chase.com/travel/guide/hotels/six-senses-rome-review
  -> found 1 possible The Edit mention(s)
{
  "articleCount": 158,
  "extractedCount": 380,
  "uniqueCount": 292,
  "sample": [
    {
      "name": "1 HOTEL BROOKLYN BRIDGE",
      "location": "DUMBO",
      "collection": "The Edit by Chase Travel",
      "confidence": "high",
      "sourceTitle": "Best Hotels in New York City | Chase Travel",
      "sourceUrl": "https://www.chase.com/travel/guide/hotels/best-hotels-in-new-york-city",
      "sources": [
        "https://www.chase.com/travel/guide/hotels/best-hotels-in-new-york-city",
        "https://www.chase.com/travel/guide/hotels/1-hotel-brooklyn-bridge-review"
      ]
    },
    {
      "name": "1 HOTEL MAYFAIR",
      "location": "MAYFAIR",
      "collection": "The Edit by Chase Travel",
      "confidence": "high",
      "sourceTitle": "Best Hotels in London | Chase Travel",
      "sourceUrl": "https://www.chase.com/travel/guide/hotels/best-hotels-in-london",
      "sources": [
        "https://www.chase.com/travel/guide/hotels/best-hotels-in-london"
      ]
    },
    {
      "name": "1 HOTEL WEST HOLLYWOOD",
      "location": "WEST HOLLYWOOD",
      "collection": "The Edit by Chase Travel",
      "confidence": "high",
      "sourceTitle": "The Best Hotels in Los Angeles | Chase Travel",
      "sourceUrl": "https://www.chase.com/travel/guide/hotels/best-hotels-in-los-angeles",
      "sources": [
        "https://www.chase.com/travel/guide/hotels/best-hotels-in-los-angeles"
      ]
    },
    {
      "name": "ACE HOTEL KYOTO",
      "location": "NAKAGYO WARD",
      "collection": "The Edit by Chase Travel",
      "confidence": "high",
      "sourceTitle": "Best Hotels in Kyoto | Chase Travel",
      "sourceUrl": "https://www.chase.com/travel/guide/hotels/best-hotels-in-kyoto",
      "sources": [
        "https://www.chase.com/travel/guide/hotels/best-hotels-in-kyoto"
      ]
    },
    {
      "name": "ALILA MAREA BEACH RESORT",
      "location": "ENCINITAS, CALIFORNIA",
      "collection": "The Edit by Chase Travel",
      "confidence": "high",
      "sourceTitle": "Best Hotels for Surfers | Chase Travel",
      "sourceUrl": "https://www.chase.com/travel/guide/hotels/best-hotels-for-surfers",
      "sources": [
        "https://www.chase.com/travel/guide/hotels/best-hotels-for-surfers"
      ]
    },
    {
      "name": "ALILA NAPA VALLEY",
      "location": "ST. HELENA",
      "collection": "The Edit by Chase Travel",
      "confidence": "high",
      "sourceTitle": "Best Hotels in Napa and Sonoma | Chase Travel",
      "sourceUrl": "https://www.chase.com/travel/guide/hotels/best-hotels-in-napa-and-sonoma",
      "sources": [
        "https://www.chase.com/travel/guide/hotels/best-hotels-in-napa-and-sonoma",
        "https://www.chase.com/travel/guide/hotels/alila-napa-valley-review"
      ]
    },
    {
      "name": "ALILA VENTANA BIG SUR",
      "location": "BIG SUR, CALIFORNIA",
      "collection": "The Edit by Chase Travel",
      "confidence": "high",
      "sourceTitle": "Where to Stay in the U.S. to Be Near Nature | Chase Travel",
      "sourceUrl": "https://www.chase.com/travel/guide/hotels/best-hotels-in-us-near-nature",
      "sources": [
        "https://www.chase.com/travel/guide/hotels/best-hotels-in-us-near-nature",
        "https://www.chase.com/travel/guide/hotels/alila-ventana-big-sur-review"
      ]
    },
    {
      "name": "ANDAZ MAUI AT WAILEA RESORT",
      "location": "WAILEA, MAUI",
      "collection": "The Edit by Chase Travel",
      "confidence": "high",
      "sourceTitle": "The Best Beachfront Hotels in Hawaii | Chase Travel",
      "sourceUrl": "https://www.chase.com/travel/guide/hotels/best-beachfront-hotels-in-hawaii",
      "sources": [
        "https://www.chase.com/travel/guide/hotels/best-beachfront-hotels-in-hawaii"
      ]
    },
    {
      "name": "ANGUILLA",
      "location": null,
      "collection": "The Edit by Chase Travel",
      "confidence": "medium",
      "sourceTitle": "Best Caribbean Hotels | Chase Travel",
      "sourceUrl": "https://www.chase.com/travel/guide/hotels/best-caribbean-hotels",
      "sources": [
        "https://www.chase.com/travel/guide/hotels/best-caribbean-hotels"
      ]
    },
    {
      "name": "ANTIGUA",
      "location": null,
      "collection": "The Edit by Chase Travel",
      "confidence": "medium",
      "sourceTitle": "Best Caribbean Hotels | Chase Travel",
      "sourceUrl": "https://www.chase.com/travel/guide/hotels/best-caribbean-hotels",
      "sources": [
        "https://www.chase.com/travel/guide/hotels/best-caribbean-hotels"
      ]
    },
    {
      "name": "ARIA SKY SUITES",
      "location": null,
      "collection": "The Edit by Chase Travel",
      "confidence": "medium",
      "sourceTitle": "Best Hotels in Las Vegas | Chase Travel",
      "sourceUrl": "https://www.chase.com/travel/guide/hotels/best-hotels-in-las-vegas",
      "sources": [
        "https://www.chase.com/travel/guide/hotels/best-hotels-in-las-vegas"
      ]
    },
    {
      "name": "ASHFORD CASTLE",
      "location": "CONG, IRELAND",
      "collection": "The Edit by Chase Travel",
      "confidence": "high",
      "sourceTitle": "Hotels Where You Can Romanticize Your Life | Chase Travel",
      "sourceUrl": "https://www.chase.com/travel/guide/hotels/best-cinematic-luxury-hotels",
      "sources": [
        "https://www.chase.com/travel/guide/hotels/best-cinematic-luxury-hotels",
        "https://www.chase.com/travel/guide/hotels/best-palace-hotels"
      ]
    },
    {
      "name": "Atlantis The Royal",
      "location": null,
      "collection": "The Edit by Chase Travel",
      "confidence": "high",
      "sourceTitle": "Atlantis The Royal Review | Chase Travel",
      "sourceUrl": "https://www.chase.com/travel/guide/hotels/atlantis-the-royal-review",
      "sources": [
        "https://www.chase.com/travel/guide/hotels/atlantis-the-royal-review"
      ]
    },
    {
      "name": "AUBERGE DU SOLEIL",
      "location": "RUTHERFORD",
      "collection": "The Edit by Chase Travel",
      "confidence": "high",
      "sourceTitle": "Best Hotels in Napa and Sonoma | Chase Travel",
      "sourceUrl": "https://www.chase.com/travel/guide/hotels/best-hotels-in-napa-and-sonoma",
      "sources": [
        "https://www.chase.com/travel/guide/hotels/best-hotels-in-napa-and-sonoma",
        "https://www.chase.com/travel/guide/hotels/auberge-du-soleil-review"
      ]
    },
    {
      "name": "AUSTIN PROPER HOTEL",
      "location": "DOWNTOWN",
      "collection": "The Edit by Chase Travel",
      "confidence": "high",
      "sourceTitle": "Best Hotels in Austin | Chase Travel",
      "sourceUrl": "https://www.chase.com/travel/guide/hotels/best-hotels-in-austin",
      "sources": [
        "https://www.chase.com/travel/guide/hotels/best-hotels-in-austin"
      ]
    },
    {
      "name": "BALLANTYNE",
      "location": null,
      "collection": "The Edit by Chase Travel",
      "confidence": "medium",
      "sourceTitle": "Best Hotels in Charlotte, North Carolina | Chase Travel",
      "sourceUrl": "https://www.chase.com/travel/guide/hotels/best-hotels-in-charlotte",
      "sources": [
        "https://www.chase.com/travel/guide/hotels/best-hotels-in-charlotte"
      ]
    },
    {
      "name": "BANYAN TREE HIGASHIYAMA KYOTO",
      "location": "HIGASHIYAMA WARD",
      "collection": "The Edit by Chase Travel",
      "confidence": "high",
      "sourceTitle": "Best Hotels in Kyoto | Chase Travel",
      "sourceUrl": "https://www.chase.com/travel/guide/hotels/best-hotels-in-kyoto",
      "sources": [
        "https://www.chase.com/travel/guide/hotels/best-hotels-in-kyoto"
      ]
    },
    {
      "name": "BANYAN TREE LĂNG CÔ",
      "location": "HUẾ",
      "collection": "The Edit by Chase Travel",
      "confidence": "high",
      "sourceTitle": "Best Vietnam Beach Resorts | Chase Travel",
      "sourceUrl": "https://www.chase.com/travel/guide/hotels/best-vietnam-beach-resorts",
      "sources": [
        "https://www.chase.com/travel/guide/hotels/best-vietnam-beach-resorts",
        "https://www.chase.com/travel/guide/hotels/banyan-tree-lang-co-review"
      ]
    },
    {
      "name": "BANYAN TREE MAYAKOBA",
      "location": "PLAYA DEL CARMEN",
      "collection": "The Edit by Chase Travel",
      "confidence": "high",
      "sourceTitle": "Best Hotels in Riviera Maya | Chase Travel",
      "sourceUrl": "https://www.chase.com/travel/guide/hotels/best-hotels-in-mexico-riviera-maya",
      "sources": [
        "https://www.chase.com/travel/guide/hotels/best-hotels-in-mexico-riviera-maya"
      ]
    },
    {
      "name": "BANYAN TREE SAMUI",
      "location": "KOH SAMUI, THAILAND",
      "collection": "The Edit by Chase Travel",
      "confidence": "high",
      "sourceTitle": "The Best Hotels With Chase Sapphire Reserve Benefits | Chase Travel",
      "sourceUrl": "https://www.chase.com/travel/guide/hotels/best-hotels-with-chase-sapphire-reserve-benefits",
      "sources": [
        "https://www.chase.com/travel/guide/hotels/best-hotels-with-chase-sapphire-reserve-benefits",
        "https://www.chase.com/travel/guide/hotels/banyan-tree-samui-review"
      ]
    }
  ],
  "failures": []
}
